INFO  2021-07-20 22:59:26 [com.board.BoardPtApplication            ] 55  / logStarting     : Starting BoardPtApplication using Java 1.8.0_191 on TY-PC with PID 11864 (C:\Users\emone\git\BoardPT\BoardPT\target\classes started by TY in C:\Users\emone\git\BoardPT\BoardPT)
INFO  2021-07-20 22:59:26 [com.board.BoardPtApplication            ] 664 / rtupProfileInfo : The following profiles are active: h2
WARN  2021-07-20 22:59:26 [oot.context.config.ConfigDataEnvironment] 258 / logTo           : Property 'spring.profiles' imported from location 'class path resource [application.yml]' is invalid and should be replaced with 'spring.config.activate.on-profile' [origin: class path resource [application.yml] - 79:13]
WARN  2021-07-20 22:59:26 [oot.context.config.ConfigDataEnvironment] 258 / logTo           : Property 'spring.profiles' imported from location 'class path resource [application.yml]' is invalid and should be replaced with 'spring.config.activate.on-profile' [origin: class path resource [application.yml] - 59:13]
INFO  2021-07-20 22:59:26 [nv.DevToolsPropertyDefaultsPostProcessor] 255 / logTo           : Devtools property defaults active! Set 'spring.devtools.add-properties' to 'false' to disable
INFO  2021-07-20 22:59:26 [nv.DevToolsPropertyDefaultsPostProcessor] 255 / logTo           : For additional web related logging consider setting the 'logging.level.web' property to 'DEBUG'
INFO  2021-07-20 22:59:27 [trationDelegate$BeanPostProcessorChecker] 350 / rInitialization : Bean 'org.springframework.ws.config.annotation.DelegatingWsConfiguration' of type [org.springframework.ws.config.annotation.DelegatingWsConfiguration$$EnhancerBySpringCGLIB$$dc0d2834] is not eligible for getting processed by all BeanPostProcessors (for example: not eligible for auto-proxying)
INFO  2021-07-20 22:59:27 [g.server.AnnotationActionEndpointMapping] 236 / erPropertiesSet : Supporting [WS-Addressing August 2004, WS-Addressing 1.0]
INFO  2021-07-20 22:59:27 [boot.web.embedded.tomcat.TomcatWebServer] 108 / initialize      : Tomcat initialized with port(s): 8080 (http)
INFO  2021-07-20 22:59:27 [g.apache.coyote.http11.Http11NioProtocol] 173 / log             : Initializing ProtocolHandler ["http-nio-8080"]
INFO  2021-07-20 22:59:27 [org.apache.catalina.core.StandardService] 173 / log             : Starting service [Tomcat]
INFO  2021-07-20 22:59:27 [org.apache.catalina.core.StandardEngine ] 173 / log             : Starting Servlet engine: [Apache Tomcat/9.0.41]
INFO  2021-07-20 22:59:27 [org.apache.jasper.servlet.TldScanner    ] 173 / log             : At least one JAR was scanned for TLDs yet contained no TLDs. Enable debug logging for this logger for a complete list of JARs that were scanned but no TLDs were found in them. Skipping unneeded JARs during scanning can improve startup time and JSP compilation time.
INFO  2021-07-20 22:59:27 [e.ContainerBase.[Tomcat].[localhost].[/]] 173 / log             : Initializing Spring embedded WebApplicationContext
INFO  2021-07-20 22:59:27 [ntext.ServletWebServerApplicationContext] 289 / licationContext : Root WebApplicationContext: initialization completed in 1114 ms
INFO  2021-07-20 22:59:27 [com.zaxxer.hikari.HikariDataSource      ] 110 / getConnection   : H2CP - Starting...
INFO  2021-07-20 22:59:28 [com.zaxxer.hikari.HikariDataSource      ] 123 / getConnection   : H2CP - Start completed.
INFO  2021-07-20 22:59:28 [oconfigure.h2.H2ConsoleAutoConfiguration] 68  / bda$h2Console$0 : H2 console available at '/h2-console'. Database available at 'jdbc:h2:C:/workspace/boardpt'
INFO  2021-07-20 22:59:28 [.security.web.DefaultSecurityFilterChain] 51  / <init>          : Will secure any request with [org.springframework.security.web.context.request.async.WebAsyncManagerIntegrationFilter@42862569, org.springframework.security.web.context.SecurityContextPersistenceFilter@6dfb443a, org.springframework.security.web.header.HeaderWriterFilter@3a267e57, org.springframework.security.web.authentication.logout.LogoutFilter@2cef0f6c, org.springframework.security.web.authentication.UsernamePasswordAuthenticationFilter@5e25fdf, org.springframework.security.web.savedrequest.RequestCacheAwareFilter@34b4e348, org.springframework.security.web.servletapi.SecurityContextHolderAwareRequestFilter@537a5f74, org.springframework.security.web.authentication.AnonymousAuthenticationFilter@54fd7710, org.springframework.security.web.session.SessionManagementFilter@6be60318, org.springframework.security.web.access.ExceptionTranslationFilter@1f16847d, org.springframework.security.web.access.intercept.FilterSecurityInterceptor@4ee01feb]
INFO  2021-07-20 22:59:28 [duling.concurrent.ThreadPoolTaskExecutor] 181 / initialize      : Initializing ExecutorService 'applicationTaskExecutor'
INFO  2021-07-20 22:59:28 [s.autoconfigure.OptionalLiveReloadServer] 58  / startServer     : LiveReload server is running on port 35729
INFO  2021-07-20 22:59:28 [g.apache.coyote.http11.Http11NioProtocol] 173 / log             : Starting ProtocolHandler ["http-nio-8080"]
INFO  2021-07-20 22:59:28 [boot.web.embedded.tomcat.TomcatWebServer] 220 / start           : Tomcat started on port(s): 8080 (http) with context path ''
INFO  2021-07-20 22:59:28 [com.board.BoardPtApplication            ] 61  / logStarted      : Started BoardPtApplication in 2.589 seconds (JVM running for 3.235)
INFO  2021-07-20 23:00:18 [e.ContainerBase.[Tomcat].[localhost].[/]] 173 / log             : Initializing Spring DispatcherServlet 'dispatcherServlet'
INFO  2021-07-20 23:00:18 [gframework.web.servlet.DispatcherServlet] 525 / initServletBean : Initializing Servlet 'dispatcherServlet'
INFO  2021-07-20 23:00:18 [gframework.web.servlet.DispatcherServlet] 547 / initServletBean : Completed initialization in 0 ms
INFO  2021-07-20 23:00:18 [com.board.controller.MainController     ] 49  / index           : index
INFO  2021-07-20 23:00:18 [com.board.controller.MainController     ] 55  / main            : main.do
INFO  2021-07-20 23:00:18 [com.board.service.NoticeServiceImpl     ] 31  / getNoticeList   : << NoticeServiceImpl // getNoticeList >>
INFO  2021-07-20 23:00:18 [com.board.controller.MainController     ] 61  / main            : BoardList //[Board(bord_numb=4, bord_catg=잡담, bord_titl=sdfsdfsdf, bord_cont=asdfasdfsdaf, user_id=admin, bord_date=2021-05-07 23:52:59.960781, bord_hitc=0, bord_refr=0, bord_levl=0, bord_seqn=0, bord_wrip=0:0:0:0:0:0:0:1, file_cont=0, comm_cont=0), Board(bord_numb=6, bord_catg=잡담, bord_titl=ㅇㄴ, bord_cont=오냐, user_id=admin, bord_date=2021-05-07 23:55:32.70346, bord_hitc=0, bord_refr=0, bord_levl=0, bord_seqn=0, bord_wrip=0:0:0:0:0:0:0:1, file_cont=0, comm_cont=0), Board(bord_numb=5, bord_catg=잡담, bord_titl=aasdasa, bord_cont=werwerwerwerwearawe
as
f
sdf
s
dfsdf, user_id=admin, bord_date=2021-05-07 23:54:16.417147, bord_hitc=0, bord_refr=0, bord_levl=0, bord_seqn=0, bord_wrip=0:0:0:0:0:0:0:1, file_cont=0, comm_cont=0), Board(bord_numb=1, bord_catg=잡담, bord_titl=첫글!, bord_cont=파일 업로드는 일단 안됨, user_id=null, bord_date=2021-04-12 20:46:18.853, bord_hitc=0, bord_refr=0, bord_levl=0, bord_seqn=0, bord_wrip=0:0:0:0:0:0:0:1, file_cont=0, comm_cont=0), Board(bord_numb=3, bord_catg=C, bord_titl=sdfsdf, bord_cont=sfsdfsdf, user_id=admin, bord_date=2021-05-07 23:16:36.85257, bord_hitc=0, bord_refr=0, bord_levl=0, bord_seqn=0, bord_wrip=0:0:0:0:0:0:0:1, file_cont=0, comm_cont=1)]
INFO  2021-07-20 23:00:18 [com.board.controller.MainController     ] 62  / main            : NoticeList //[]
INFO  2021-07-20 23:00:19 [com.board.controller.MainController     ] 70  / siteList        : siteList
INFO  2021-07-20 23:00:38 [com.board.controller.UserController     ] 92  / login           : login, GET
INFO  2021-07-20 23:01:10 [com.board.controller.UserController     ] 92  / login           : login, GET
INFO  2021-07-20 23:01:17 [com.board.controller.UserController     ] 92  / login           : login, GET
INFO  2021-07-20 23:01:42 [com.board.controller.UserController     ] 92  / login           : login, GET
INFO  2021-07-20 23:01:43 [com.board.controller.UserController     ] 92  / login           : login, GET
INFO  2021-07-20 23:01:43 [com.board.controller.UserController     ] 92  / login           : login, GET
INFO  2021-07-20 23:01:44 [com.board.controller.UserController     ] 92  / login           : login, GET
INFO  2021-07-20 23:01:44 [com.board.controller.UserController     ] 92  / login           : login, GET
INFO  2021-07-20 23:01:44 [com.board.controller.UserController     ] 92  / login           : login, GET
INFO  2021-07-20 23:01:44 [com.board.controller.UserController     ] 92  / login           : login, GET
INFO  2021-07-20 23:01:44 [com.board.controller.UserController     ] 92  / login           : login, GET
INFO  2021-07-20 23:01:54 [com.board.controller.UserController     ] 92  / login           : login, GET
INFO  2021-07-20 23:02:05 [com.board.controller.UserController     ] 92  / login           : login, GET
INFO  2021-07-20 23:02:05 [com.board.controller.UserController     ] 92  / login           : login, GET
INFO  2021-07-20 23:02:06 [com.board.controller.UserController     ] 92  / login           : login, GET
INFO  2021-07-20 23:02:06 [com.board.controller.UserController     ] 92  / login           : login, GET
INFO  2021-07-20 23:02:06 [com.board.controller.UserController     ] 92  / login           : login, GET
INFO  2021-07-20 23:02:06 [com.board.controller.UserController     ] 92  / login           : login, GET
INFO  2021-07-20 23:03:00 [com.board.controller.BoardController    ] 58  / boardList       : << Controller / boardList >>
INFO  2021-07-20 23:03:00 [com.board.service.BoardServiceImpl      ] 40  / getBoards       : << BoardServiceImpl // getBoards >>
INFO  2021-07-20 23:03:00 [com.board.service.BoardServiceImpl      ] 54  / getBoards       : 페이지 번호//1
INFO  2021-07-20 23:03:00 [com.board.controller.BoardController    ] 73  / boardList       : BOARDLIST :: [Board(bord_numb=4, bord_catg=잡담, bord_titl=sdfsdfsdf, bord_cont=asdfasdfsdaf, user_id=admin, bord_date=2021-05-07 23:52:59.960781, bord_hitc=0, bord_refr=0, bord_levl=0, bord_seqn=0, bord_wrip=0:0:0:0:0:0:0:1, file_cont=0, comm_cont=0), Board(bord_numb=5, bord_catg=잡담, bord_titl=aasdasa, bord_cont=werwerwerwerwearawe
as
f
sdf
s
dfsdf, user_id=admin, bord_date=2021-05-07 23:54:16.417147, bord_hitc=0, bord_refr=0, bord_levl=0, bord_seqn=0, bord_wrip=0:0:0:0:0:0:0:1, file_cont=0, comm_cont=0), Board(bord_numb=6, bord_catg=잡담, bord_titl=ㅇㄴ, bord_cont=오냐, user_id=admin, bord_date=2021-05-07 23:55:32.70346, bord_hitc=0, bord_refr=0, bord_levl=0, bord_seqn=0, bord_wrip=0:0:0:0:0:0:0:1, file_cont=0, comm_cont=0), Board(bord_numb=3, bord_catg=C, bord_titl=sdfsdf, bord_cont=sfsdfsdf, user_id=admin, bord_date=2021-05-07 23:16:36.85257, bord_hitc=0, bord_refr=0, bord_levl=0, bord_seqn=0, bord_wrip=0:0:0:0:0:0:0:1, file_cont=0, comm_cont=1), Board(bord_numb=1, bord_catg=잡담, bord_titl=첫글!, bord_cont=파일 업로드는 일단 안됨, user_id=null, bord_date=2021-04-12 20:46:18.853, bord_hitc=0, bord_refr=0, bord_levl=0, bord_seqn=0, bord_wrip=0:0:0:0:0:0:0:1, file_cont=0, comm_cont=0), Board(bord_numb=2, bord_catg=잡담, bord_titl=ㅁㄴㅇㄹㄴㅁㅇㄹ, bord_cont=ㄴㅌㅇㅋㄹㅋㄴㅇㄹㄴㅇㅋㅌㄹ, user_id=admin, bord_date=2021-04-12 21:21:03.407, bord_hitc=0, bord_refr=0, bord_levl=0, bord_seqn=0, bord_wrip=0:0:0:0:0:0:0:1, file_cont=0, comm_cont=5)]
